This file contains any messages produced by compilers while
running configure, to aid debugging if configure makes a mistake.

It was created by fw-template-erlang configure 0.1.37, which was
generated by GNU Autoconf 2.61.  Invocation command line was

  $ ./configure --prefix=/opt/local

## --------- ##
## Platform. ##
## --------- ##

hostname = cliffs-macbook-pro-15.local
uname -m = i386
uname -r = 9.6.0
uname -s = Darwin
uname -v = Darwin Kernel Version 9.6.0: Mon Nov 24 17:37:00 PST 2008; root:xnu-1228.9.59~1/RELEASE_I386

/usr/bin/uname -p = i386
/bin/uname -X     = unknown

/bin/arch              = unknown
/usr/bin/arch -k       = unknown
/usr/convex/getsysinfo = unknown
/usr/bin/hostinfo      = Mach kernel version:
	 Darwin Kernel Version 9.6.0: Mon Nov 24 17:37:00 PST 2008; root:xnu-1228.9.59~1/RELEASE_I386
Kernel configured for up to 2 processors.
2 processors are physically available.
2 processors are logically available.
Processor type: i486 (Intel 80486)
Processors active: 0 1
Primary memory available: 2.00 gigabytes
Default processor set: 55 tasks, 228 threads, 2 processors
Load average: 0.39, Mach factor: 1.60
/bin/machine           = unknown
/usr/bin/oslevel       = unknown
/bin/universe          = unknown

PATH: /opt/local/bin
PATH: /opt/local/sbin
PATH: /usr/bin
PATH: /bin
PATH: /usr/sbin
PATH: /sbin
PATH: /usr/local/bin
PATH: /usr/X11/bin


## ----------- ##
## Core tests. ##
## ----------- ##

configure:1821: checking for a BSD-compatible install
configure:1877: result: /usr/bin/install -c
configure:1888: checking whether build environment is sane
configure:1931: result: yes
configure:1959: checking for a thread-safe mkdir -p
configure:1998: result: ./install-sh -c -d
configure:2011: checking for gawk
configure:2027: found /opt/local/bin/gawk
configure:2038: result: gawk
configure:2049: checking whether make sets $(MAKE)
configure:2070: result: yes
configure:2253: checking how to create a ustar tar archive
configure:2266: tar --version
tar (GNU tar) 1.15.1
configure:2269: $? = 0
configure:2309: tardir=conftest.dir && eval tar --format=ustar -chf - "$tardir" >conftest.tar
configure:2312: $? = 0
configure:2316: tar -xf - <conftest.tar
configure:2319: $? = 0
configure:2332: result: gnutar
configure:2340: checking whether to enable maintainer-specific portions of Makefiles
configure:2349: result: no
configure:2388: checking for revision control type
configure:2406: result: none (autodetected)
configure:2419: checking for native package type
configure:2437: result: none (autodetected)
configure:2494: checking for ldd
configure:2524: result: no
configure:2494: checking for otool
configure:2510: found /usr/bin/otool
configure:2521: result: otool
configure:2550: checking for dash
configure:2583: result: no
configure:2550: checking for ash
configure:2583: result: no
configure:2550: checking for sh
configure:2568: found /bin/sh
configure:2580: result: /bin/sh
configure:2749: creating ./config.status

## ---------------------- ##
## Running config.status. ##
## ---------------------- ##

This file was extended by fw-template-erlang config.status 0.1.37, which was
generated by GNU Autoconf 2.61.  Invocation command line was

  CONFIG_FILES    = 
  CONFIG_HEADERS  = 
  CONFIG_LINKS    = 
  CONFIG_COMMANDS = 
  $ ./config.status 

on cliffs-macbook-pro-15.local

config.status:626: creating fw.local/m4/Makefile
config.status:626: creating fw.local/template/erlang/doc/Makefile
config.status:626: creating fw.local/template/erlang/src/Makefile
config.status:626: creating fw.local/template/erlang/tests/Makefile
config.status:626: creating tests/test-hooks
config.status:626: creating fw.local/Makefile
config.status:626: creating fw.local/template/Makefile
config.status:626: creating fw.local/template/NAME/Makefile
config.status:626: creating tests/Makefile
config.status:626: creating tests/test-template
config.status:626: creating Makefile
config.status:626: creating fw-pkgin/Makefile

## ---------------- ##
## Cache variables. ##
## ---------------- ##

ac_cv_env_FW_NATIVE_PACKAGE_TYPE_set=
ac_cv_env_FW_NATIVE_PACKAGE_TYPE_value=
ac_cv_env_FW_REVISION_TYPE_set=
ac_cv_env_FW_REVISION_TYPE_value=
ac_cv_env_build_alias_set=
ac_cv_env_build_alias_value=
ac_cv_env_host_alias_set=
ac_cv_env_host_alias_value=
ac_cv_env_target_alias_set=
ac_cv_env_target_alias_value=
ac_cv_path_CHECK_SHELL=/bin/sh
ac_cv_path_install='/usr/bin/install -c'
ac_cv_prog_AWK=gawk
ac_cv_prog_FW_LDD=otool
ac_cv_prog_make_make_set=yes
am_cv_prog_tar_ustar=gnutar

## ----------------- ##
## Output variables. ##
## ----------------- ##

ACLOCAL='${SHELL} /Users/cliff/downloads/fw-template-erlang-0.1.37/missing --run aclocal-1.10'
AMTAR='${SHELL} /Users/cliff/downloads/fw-template-erlang-0.1.37/missing --run tar'
AUTOCONF='${SHELL} /Users/cliff/downloads/fw-template-erlang-0.1.37/missing --run autoconf'
AUTOHEADER='${SHELL} /Users/cliff/downloads/fw-template-erlang-0.1.37/missing --run autoheader'
AUTOMAKE='${SHELL} /Users/cliff/downloads/fw-template-erlang-0.1.37/missing --run automake-1.10'
AWK='gawk'
CHECK_SHELL='/bin/sh'
CYGPATH_W='echo'
DEFS='-DPACKAGE_NAME=\"fw-template-erlang\" -DPACKAGE_TARNAME=\"fw-template-erlang\" -DPACKAGE_VERSION=\"0.1.37\" -DPACKAGE_STRING=\"fw-template-erlang\ 0.1.37\" -DPACKAGE_BUGREPORT=\"Paul\ Mineiro\ \<paul-fw@mineiro.com\>\" -DPACKAGE=\"fw-template-erlang\" -DVERSION=\"0.1.37\"'
ECHO_C=''
ECHO_N='-n'
ECHO_T=''
FW_ACLOCAL_ARGS=' -I fw.local/m4 -I fw/m4 -I /usr//share/fw/m4'
FW_BUILD_AUTOMAKE_CREATE_PACKAGE_EXTRA_ARGS=''
FW_HAVE_NATIVE_PACKAGE_TYPE_FALSE=''
FW_HAVE_NATIVE_PACKAGE_TYPE_TRUE='#'
FW_LDD='otool'
FW_LDD_ARGS='-L'
FW_NATIVE_PACKAGE_TYPE='none'
FW_PACKAGE_ARCHITECTURE_DEPENDENT='0'
FW_PACKAGE_BUILD_CONFLICTS=''
FW_PACKAGE_BUILD_DEPENDS='automaken, autoconf [!darwin-i386], autoconf2.5 [darwin-i386], framewerk, erlang-dev [!darwin-i386], erlang-otp [darwin-i386]'
FW_PACKAGE_CONFLICTS=''
FW_PACKAGE_DEPENDS='framewerk, erlang-dev | erlang-otp'
FW_PACKAGE_DESCRIPTION='Erlang template for framewerk.  Features:    * automatic generation of OTP compliant application file via scanning source.   * convenient eunit and cover integration.   * edoc integration.'
FW_PACKAGE_MAINTAINER='Paul Mineiro <paul-fw@mineiro.com>'
FW_PACKAGE_MAJOR_VERSION='0'
FW_PACKAGE_MINOR_VERSION='1'
FW_PACKAGE_NAME='fw-template-erlang'
FW_PACKAGE_PROVIDES=''
FW_PACKAGE_SHORT_DESCRIPTION='Erlang template for framewerk.'
FW_PACKAGE_VERSION='0.1.37'
FW_REVISION_TYPE='none'
FW_TEMPLATE='fw-template'
FW_TEMPLATE_TEMPLATE_TYPE='erlang'
INSTALL_DATA='${INSTALL} -m 644'
INSTALL_PROGRAM='${INSTALL}'
INSTALL_SCRIPT='${INSTALL}'
INSTALL_STRIP_PROGRAM='$(install_sh) -c -s'
LIBOBJS=''
LIBS=''
LTLIBOBJS=''
MAINT='#'
MAINTAINER_MODE_FALSE=''
MAINTAINER_MODE_TRUE='#'
MAKEINFO='${SHELL} /Users/cliff/downloads/fw-template-erlang-0.1.37/missing --run makeinfo'
PACKAGE='fw-template-erlang'
PACKAGE_BUGREPORT='Paul Mineiro <paul-fw@mineiro.com>'
PACKAGE_NAME='fw-template-erlang'
PACKAGE_STRING='fw-template-erlang 0.1.37'
PACKAGE_TARNAME='fw-template-erlang'
PACKAGE_VERSION='0.1.37'
PATH_SEPARATOR=':'
SET_MAKE=''
SHELL='/bin/sh'
STRIP=''
VERSION='0.1.37'
am__isrc=''
am__leading_dot='.'
am__tar='tar --format=ustar -chf - "$$tardir"'
am__untar='tar -xf -'
bindir='${exec_prefix}/bin'
build_alias=''
datadir='${datarootdir}'
datarootdir='${prefix}/share'
docdir='${datarootdir}/doc/${PACKAGE_TARNAME}'
dvidir='${docdir}'
exec_prefix='${prefix}'
host_alias=''
htmldir='${docdir}'
includedir='${prefix}/include'
infodir='${datarootdir}/info'
install_sh='$(SHELL) /Users/cliff/downloads/fw-template-erlang-0.1.37/install-sh'
libdir='${exec_prefix}/lib'
libexecdir='${exec_prefix}/libexec'
localedir='${datarootdir}/locale'
localstatedir='${prefix}/var'
mandir='${datarootdir}/man'
mkdir_p='$(top_builddir)/./install-sh -c -d'
oldincludedir='/usr/include'
pdfdir='${docdir}'
prefix='/opt/local'
program_transform_name='s,x,x,'
psdir='${docdir}'
sbindir='${exec_prefix}/sbin'
sharedstatedir='${prefix}/com'
sysconfdir='${prefix}/etc'
target_alias=''

## ----------- ##
## confdefs.h. ##
## ----------- ##

#define PACKAGE_NAME "fw-template-erlang"
#define PACKAGE_TARNAME "fw-template-erlang"
#define PACKAGE_VERSION "0.1.37"
#define PACKAGE_STRING "fw-template-erlang 0.1.37"
#define PACKAGE_BUGREPORT "Paul Mineiro <paul-fw@mineiro.com>"
#define PACKAGE "fw-template-erlang"
#define VERSION "0.1.37"

configure: exit 0
